<?xml version="1.0" encoding="UTF-8"?>
<testng-results ignored="0" total="3" passed="3" failed="0" skipped="0">
  <reporter-output>
  </reporter-output>
  <suite started-at="2023-11-28T15:19:45 IST" name="Default suite" finished-at="2023-11-28T15:24:30 IST" duration-ms="285555">
    <groups>
      <group name="cucumber">
        <method signature="AbstractTestNGCucumberTests.runScenario(io.cucumber.testng.PickleWrapper,io.cucumber.testng.FeatureWrapper)[pri:0, instance:runner.TestAddToCartTestNG@2b40ff9c]" name="runScenario" class="io.cucumber.testng.AbstractTestNGCucumberTests"/>
      </group> <!-- cucumber -->
    </groups>
    <test started-at="2023-11-28T15:19:45 IST" name="Default test" finished-at="2023-11-28T15:24:30 IST" duration-ms="285555">
      <class name="runner.TestAddToCartTestNG">
        <test-method is-config="true" signature="setUpClass(org.testng.ITestContext)[pri:0, instance:runner.TestAddToCartTestNG@2b40ff9c]" started-at="2023-11-28T15:19:45 IST" name="setUpClass" finished-at="2023-11-28T15:19:46 IST" duration-ms="910" status="PASS">
          <params>
            <param index="0">
              <value>
                <![CDATA[org.testng.TestRunner@5b02a984]]>
              </value>
            </param>
          </params>
          <reporter-output>
          </reporter-output>
        </test-method> <!-- setUpClass -->
        <test-method signature="runScenario(io.cucumber.testng.PickleWrapper,io.cucumber.testng.FeatureWrapper)[pri:0, instance:runner.TestAddToCartTestNG@2b40ff9c]" started-at="2023-11-28T15:19:46 IST" name="runScenario" description="Runs Cucumber Scenarios" data-provider="scenarios" finished-at="2023-11-28T15:20:13 IST" duration-ms="27819" status="PASS">
          <params>
            <param index="0">
              <value>
                <![CDATA["Adding items to Cart"]]>
              </value>
            </param>
            <param index="1">
              <value>
                <![CDATA["user wants to Clicking the AddToCart and Delete from Cart in SportsJam"]]>
              </value>
            </param>
          </params>
          <reporter-output>
          </reporter-output>
        </test-method> <!-- runScenario -->
        <test-method signature="runScenario(io.cucumber.testng.PickleWrapper,io.cucumber.testng.FeatureWrapper)[pri:0, instance:runner.TestAddToCartTestNG@2b40ff9c]" started-at="2023-11-28T15:20:13 IST" name="runScenario" description="Runs Cucumber Scenarios" data-provider="scenarios" finished-at="2023-11-28T15:21:25 IST" duration-ms="71567" status="PASS">
          <params>
            <param index="0">
              <value>
                <![CDATA["User clicking customer support"]]>
              </value>
            </param>
            <param index="1">
              <value>
                <![CDATA["Customer Support in SportsJam"]]>
              </value>
            </param>
          </params>
          <reporter-output>
          </reporter-output>
        </test-method> <!-- runScenario -->
        <test-method signature="runScenario(io.cucumber.testng.PickleWrapper,io.cucumber.testng.FeatureWrapper)[pri:0, instance:runner.TestAddToCartTestNG@2b40ff9c]" started-at="2023-11-28T15:21:25 IST" name="runScenario" description="Runs Cucumber Scenarios" data-provider="scenarios" finished-at="2023-11-28T15:24:24 IST" duration-ms="179071" status="PASS">
          <params>
            <param index="0">
              <value>
                <![CDATA["Buying the product using payment option"]]>
              </value>
            </param>
            <param index="1">
              <value>
                <![CDATA["Proceeding with the payment for the product"]]>
              </value>
            </param>
          </params>
          <reporter-output>
          </reporter-output>
        </test-method> <!-- runScenario -->
        <test-method is-config="true" signature="tearDownClass()[pri:0, instance:runner.TestAddToCartTestNG@2b40ff9c]" started-at="2023-11-28T15:24:24 IST" name="tearDownClass" finished-at="2023-11-28T15:24:30 IST" duration-ms="6139" status="PASS">
          <reporter-output>
          </reporter-output>
        </test-method> <!-- tearDownClass -->
      </class> <!-- runner.TestAddToCartTestNG -->
    </test> <!-- Default test -->
  </suite> <!-- Default suite -->
</testng-results>
