<?xml version="1.0" encoding="UTF-8"?>
<testng-results ignored="0" total="8" passed="8" failed="0" skipped="0">
  <reporter-output>
  </reporter-output>
  <suite started-at="2023-11-29T10:59:06 IST" name="Default suite" finished-at="2023-11-29T11:00:47 IST" duration-ms="100955">
    <groups>
      <group name="cucumber">
        <method signature="AbstractTestNGCucumberTests.runScenario(io.cucumber.testng.PickleWrapper,io.cucumber.testng.FeatureWrapper)[pri:0, instance:com.Runner.TestAllRunner@2b40ff9c]" name="runScenario" class="io.cucumber.testng.AbstractTestNGCucumberTests"/>
      </group> <!-- cucumber -->
    </groups>
    <test started-at="2023-11-29T10:59:06 IST" name="Default test" finished-at="2023-11-29T11:00:47 IST" duration-ms="100955">
      <class name="com.Runner.TestAllRunner">
        <test-method is-config="true" signature="setUpClass(org.testng.ITestContext)[pri:0, instance:com.Runner.TestAllRunner@2b40ff9c]" started-at="2023-11-29T10:59:06 IST" name="setUpClass" finished-at="2023-11-29T10:59:07 IST" duration-ms="722" status="PASS">
          <params>
            <param index="0">
              <value>
                <![CDATA[org.testng.TestRunner@7615666e]]>
              </value>
            </param>
          </params>
          <reporter-output>
          </reporter-output>
        </test-method> <!-- setUpClass -->
        <test-method signature="runScenario(io.cucumber.testng.PickleWrapper,io.cucumber.testng.FeatureWrapper)[pri:0, instance:com.Runner.TestAllRunner@2b40ff9c]" started-at="2023-11-29T10:59:07 IST" name="runScenario" description="Runs Cucumber Scenarios" data-provider="scenarios" finished-at="2023-11-29T10:59:43 IST" duration-ms="35892" status="PASS">
          <params>
            <param index="0">
              <value>
                <![CDATA["Looking for product, sorting it and adding filters"]]>
              </value>
            </param>
            <param index="1">
              <value>
                <![CDATA["To select a product and use filters to see if the product gets sorted and displays only limited products"]]>
              </value>
            </param>
          </params>
          <reporter-output>
          </reporter-output>
        </test-method> <!-- runScenario -->
        <test-method signature="runScenario(io.cucumber.testng.PickleWrapper,io.cucumber.testng.FeatureWrapper)[pri:0, instance:com.Runner.TestAllRunner@2b40ff9c]" started-at="2023-11-29T10:59:43 IST" name="runScenario" description="Runs Cucumber Scenarios" data-provider="scenarios" finished-at="2023-11-29T10:59:46 IST" duration-ms="3020" status="PASS">
          <params>
            <param index="0">
              <value>
                <![CDATA["User clicking About us"]]>
              </value>
            </param>
            <param index="1">
              <value>
                <![CDATA["Get to know us in SportsJam"]]>
              </value>
            </param>
          </params>
          <reporter-output>
          </reporter-output>
        </test-method> <!-- runScenario -->
        <test-method signature="runScenario(io.cucumber.testng.PickleWrapper,io.cucumber.testng.FeatureWrapper)[pri:0, instance:com.Runner.TestAllRunner@2b40ff9c]" started-at="2023-11-29T10:59:46 IST" name="runScenario" description="Runs Cucumber Scenarios" data-provider="scenarios" finished-at="2023-11-29T11:00:02 IST" duration-ms="15960" status="PASS">
          <params>
            <param index="0">
              <value>
                <![CDATA["User clicking contact us"]]>
              </value>
            </param>
            <param index="1">
              <value>
                <![CDATA["Get to know us in SportsJam"]]>
              </value>
            </param>
          </params>
          <reporter-output>
          </reporter-output>
        </test-method> <!-- runScenario -->
        <test-method signature="runScenario(io.cucumber.testng.PickleWrapper,io.cucumber.testng.FeatureWrapper)[pri:0, instance:com.Runner.TestAllRunner@2b40ff9c]" started-at="2023-11-29T11:00:02 IST" name="runScenario" description="Runs Cucumber Scenarios" data-provider="scenarios" finished-at="2023-11-29T11:00:09 IST" duration-ms="7228" status="PASS">
          <params>
            <param index="0">
              <value>
                <![CDATA["User clicking inqury/feedback"]]>
              </value>
            </param>
            <param index="1">
              <value>
                <![CDATA["Get to know us in SportsJam"]]>
              </value>
            </param>
          </params>
          <reporter-output>
          </reporter-output>
        </test-method> <!-- runScenario -->
        <test-method signature="runScenario(io.cucumber.testng.PickleWrapper,io.cucumber.testng.FeatureWrapper)[pri:0, instance:com.Runner.TestAllRunner@2b40ff9c]" started-at="2023-11-29T11:00:09 IST" name="runScenario" description="Runs Cucumber Scenarios" data-provider="scenarios" finished-at="2023-11-29T11:00:17 IST" duration-ms="8262" status="PASS">
          <params>
            <param index="0">
              <value>
                <![CDATA["User clicking sportsjam team"]]>
              </value>
            </param>
            <param index="1">
              <value>
                <![CDATA["Get to know us in SportsJam"]]>
              </value>
            </param>
          </params>
          <reporter-output>
          </reporter-output>
        </test-method> <!-- runScenario -->
        <test-method signature="runScenario(io.cucumber.testng.PickleWrapper,io.cucumber.testng.FeatureWrapper)[pri:0, instance:com.Runner.TestAllRunner@2b40ff9c]" started-at="2023-11-29T11:00:17 IST" name="runScenario" description="Runs Cucumber Scenarios" data-provider="scenarios" finished-at="2023-11-29T11:00:23 IST" duration-ms="5500" status="PASS">
          <params>
            <param index="0">
              <value>
                <![CDATA["User logins to the web application with valid credentials"]]>
              </value>
            </param>
            <param index="1">
              <value>
                <![CDATA["Checking the login functionality of the sportsjam web application"]]>
              </value>
            </param>
          </params>
          <reporter-output>
          </reporter-output>
        </test-method> <!-- runScenario -->
        <test-method signature="runScenario(io.cucumber.testng.PickleWrapper,io.cucumber.testng.FeatureWrapper)[pri:0, instance:com.Runner.TestAllRunner@2b40ff9c]" started-at="2023-11-29T11:00:23 IST" name="runScenario" description="Runs Cucumber Scenarios" data-provider="scenarios" finished-at="2023-11-29T11:00:27 IST" duration-ms="4270" status="PASS">
          <params>
            <param index="0">
              <value>
                <![CDATA["User logins to the web application with Invalid credentials"]]>
              </value>
            </param>
            <param index="1">
              <value>
                <![CDATA["Checking the login functionality of the sportsjam web application"]]>
              </value>
            </param>
          </params>
          <reporter-output>
          </reporter-output>
        </test-method> <!-- runScenario -->
        <test-method signature="runScenario(io.cucumber.testng.PickleWrapper,io.cucumber.testng.FeatureWrapper)[pri:0, instance:com.Runner.TestAllRunner@2b40ff9c]" started-at="2023-11-29T11:00:27 IST" name="runScenario" description="Runs Cucumber Scenarios" data-provider="scenarios" finished-at="2023-11-29T11:00:37 IST" duration-ms="9807" status="PASS">
          <params>
            <param index="0">
              <value>
                <![CDATA["User uses the forgot password feature to recover their password"]]>
              </value>
            </param>
            <param index="1">
              <value>
                <![CDATA["Checking the login functionality of the sportsjam web application"]]>
              </value>
            </param>
          </params>
          <reporter-output>
          </reporter-output>
        </test-method> <!-- runScenario -->
        <test-method is-config="true" signature="tearDownClass()[pri:0, instance:com.Runner.TestAllRunner@2b40ff9c]" started-at="2023-11-29T11:00:37 IST" name="tearDownClass" finished-at="2023-11-29T11:00:47 IST" duration-ms="10247" status="PASS">
          <reporter-output>
          </reporter-output>
        </test-method> <!-- tearDownClass -->
      </class> <!-- com.Runner.TestAllRunner -->
    </test> <!-- Default test -->
  </suite> <!-- Default suite -->
</testng-results>
